This file contains any messages produced by compilers while
running configure, to aid debugging if configure makes a mistake.

It was created by miraculix configure 0.9, which was
generated by GNU Autoconf 2.69.  Invocation command line was

  $ ./configure CXX_FLAGS=-mavx2 -DGPU_DEV USE_GPU=yes

## --------- ##
## Platform. ##
## --------- ##

hostname = johannes-ms7c37
uname -m = x86_64
uname -r = 5.15.32-1-MANJARO
uname -s = Linux
uname -v = #1 SMP PREEMPT Mon Mar 28 09:16:36 UTC 2022

/usr/bin/uname -p = unknown
/bin/uname -X     = unknown

/bin/arch              = unknown
/usr/bin/arch -k       = unknown
/usr/convex/getsysinfo = unknown
/usr/bin/hostinfo      = unknown
/bin/machine           = unknown
/usr/bin/oslevel       = unknown
/bin/universe          = unknown

PATH: /home/johannes/bin
PATH: ~/bin
PATH: /opt/cuda/bin
PATH: /home/johannes/.local/bin
PATH: /usr/local/sbin
PATH: /usr/local/bin
PATH: /usr/bin
PATH: /opt/cuda/bin
PATH: /opt/cuda/nsight_compute
PATH: /opt/cuda/nsight_systems/bin
PATH: /usr/lib/jvm/default/bin
PATH: /usr/bin/site_perl
PATH: /usr/bin/vendor_perl
PATH: /usr/bin/core_perl
PATH: /var/lib/snapd/snap/bin


## ----------- ##
## Core tests. ##
## ----------- ##

configure:1860: checking for C++ compiler version
configure:1869: g++ -std=gnu++14 --version >&5
g++ (GCC) 11.2.0
Copyright (C) 2021 Free Software Foundation, Inc.
This is free software; see the source for copying conditions.  There is NO
warranty; not even for MERCHANTABILITY or FITNESS FOR A PARTICULAR PURPOSE.

configure:1880: $? = 0
configure:1869: g++ -std=gnu++14 -v >&5
Using built-in specs.
COLLECT_GCC=g++
COLLECT_LTO_WRAPPER=/usr/lib/gcc/x86_64-pc-linux-gnu/11.2.0/lto-wrapper
Target: x86_64-pc-linux-gnu
Configured with: /build/gcc/src/gcc/configure --enable-languages=c,c++,ada,fortran,go,lto,objc,obj-c++,d --enable-bootstrap --prefix=/usr --libdir=/usr/lib --libexecdir=/usr/lib --mandir=/usr/share/man --infodir=/usr/share/info --with-bugurl=https://bugs.archlinux.org/ --with-linker-hash-style=gnu --with-system-zlib --enable-__cxa_atexit --enable-cet=auto --enable-checking=release --enable-clocale=gnu --enable-default-pie --enable-default-ssp --enable-gnu-indirect-function --enable-gnu-unique-object --enable-linker-build-id --enable-lto --enable-multilib --enable-plugin --enable-shared --enable-threads=posix --disable-libssp --disable-libstdcxx-pch --disable-werror --with-build-config=bootstrap-lto --enable-link-serialization=1 gdc_include_dir=/usr/include/dlang/gdc
Thread model: posix
Supported LTO compression algorithms: zlib zstd
gcc version 11.2.0 (GCC) 
configure:1880: $? = 0
configure:1869: g++ -std=gnu++14 -V >&5
g++: error: unrecognized command-line option '-V'
g++: fatal error: no input files
compilation terminated.
configure:1880: $? = 1
configure:1869: g++ -std=gnu++14 -qversion >&5
g++: error: unrecognized command-line option '-qversion'; did you mean '--version'?
g++: fatal error: no input files
compilation terminated.
configure:1880: $? = 1
configure:1900: checking whether the C++ compiler works
configure:1922: g++ -std=gnu++14    conftest.cpp  >&5
configure:1926: $? = 0
configure:1974: result: yes
configure:1977: checking for C++ compiler default output file name
configure:1979: result: a.out
configure:1985: checking for suffix of executables
configure:1992: g++ -std=gnu++14 -o conftest    conftest.cpp  >&5
configure:1996: $? = 0
configure:2018: result: 
configure:2040: checking whether we are cross compiling
configure:2048: g++ -std=gnu++14 -o conftest    conftest.cpp  >&5
configure:2052: $? = 0
configure:2059: ./conftest
configure:2063: $? = 0
configure:2078: result: no
configure:2083: checking for suffix of object files
configure:2105: g++ -std=gnu++14 -c   conftest.cpp >&5
configure:2109: $? = 0
configure:2130: result: o
configure:2134: checking whether we are using the GNU C++ compiler
configure:2153: g++ -std=gnu++14 -c   conftest.cpp >&5
configure:2153: $? = 0
configure:2162: result: yes
configure:2171: checking whether g++ -std=gnu++14 accepts -g
configure:2191: g++ -std=gnu++14 -c -g  conftest.cpp >&5
configure:2191: $? = 0
configure:2232: result: yes
configure:2262: checking which configure args were set by the user
configure:2266: value of USE_AVX is ++
configure:2400: checking whether CUDA_HOME is set
configure:2407: result: using CUDA_HOME=/opt/cuda/
configure:2411: checking for /opt/cuda//bin/nvcc
configure:2425: result: yes
configure:2437: checking whether this is the 64 bit linux version of CUDA
configure:2440: checking for /opt/cuda//lib64/libcublas.so
configure:2454: result: yes
configure:2470: checking for /home/johannes/GitHub/cutlass/include/cutlass/cutlass.h
configure:2484: result: yes
configure:2487: result: cutlass directory found
configure:2652: creating ./config.status

## ---------------------- ##
## Running config.status. ##
## ---------------------- ##

This file was extended by miraculix config.status 0.9, which was
generated by GNU Autoconf 2.69.  Invocation command line was

  CONFIG_FILES    = 
  CONFIG_HEADERS  = 
  CONFIG_LINKS    = 
  CONFIG_COMMANDS = 
  $ ./config.status 

on johannes-ms7c37

config.status:728: creating src/Makevars

## ---------------- ##
## Cache variables. ##
## ---------------- ##

ac_cv_cxx_compiler_gnu=yes
ac_cv_env_CCC_set=
ac_cv_env_CCC_value=
ac_cv_env_CPPFLAGS_set=
ac_cv_env_CPPFLAGS_value=
ac_cv_env_CXXFLAGS_set=
ac_cv_env_CXXFLAGS_value=
ac_cv_env_CXX_set=
ac_cv_env_CXX_value=
ac_cv_env_LDFLAGS_set=
ac_cv_env_LDFLAGS_value=
ac_cv_env_LIBS_set=
ac_cv_env_LIBS_value=
ac_cv_env_build_alias_set=
ac_cv_env_build_alias_value=
ac_cv_env_host_alias_set=
ac_cv_env_host_alias_value=
ac_cv_env_target_alias_set=
ac_cv_env_target_alias_value=
ac_cv_file__home_johannes_GitHub_cutlass_include_cutlass_cutlass_h=yes
ac_cv_file__opt_cuda__bin_nvcc=yes
ac_cv_file__opt_cuda__lib64_libcublas_so=yes
ac_cv_objext=o
ac_cv_prog_cxx_g=yes

## ----------------- ##
## Output variables. ##
## ----------------- ##

CPPFLAGS=''
CUDA_HOME='/opt/cuda/'
CUDA_INSTALLED='true'
CUTLASS_PATH='/home/johannes/GitHub/cutlass'
CXX='g++ -std=gnu++14'
CXXFLAGS='-g -O2'
DEFS='-DPACKAGE_NAME=\"miraculix\" -DPACKAGE_TARNAME=\"miraculix\" -DPACKAGE_VERSION=\"0.9\" -DPACKAGE_STRING=\"miraculix\ 0.9\" -DPACKAGE_BUGREPORT=\"\" -DPACKAGE_URL=\"\"'
ECHO_C=''
ECHO_N='-n'
ECHO_T=''
EXEEXT=''
LDFLAGS=''
LIBOBJS=''
LIBS=''
LSCPU=''
LTLIBOBJS=''
MIRACULIX_CXXFLAGS='-mavx2 -DGPU_DEV -DUSEGPU  '
OBJEXT='o'
PACKAGE_BUGREPORT=''
PACKAGE_NAME='miraculix'
PACKAGE_STRING='miraculix 0.9'
PACKAGE_TARNAME='miraculix'
PACKAGE_URL=''
PACKAGE_VERSION='0.9'
PATH_SEPARATOR=':'
RANDOMFIELDS_LIBFLAGS=''
R_LIB=''
SHELL='/bin/sh'
SYSCTL=''
ac_ct_CXX=''
bindir='${exec_prefix}/bin'
build_alias=''
datadir='${datarootdir}'
datarootdir='${prefix}/share'
docdir='${datarootdir}/doc/${PACKAGE_TARNAME}'
dvidir='${docdir}'
exec_prefix='${prefix}'
host_alias=''
htmldir='${docdir}'
includedir='${prefix}/include'
infodir='${datarootdir}/info'
libdir='${exec_prefix}/lib'
libexecdir='${exec_prefix}/libexec'
localedir='${datarootdir}/locale'
localstatedir='${prefix}/var'
mandir='${datarootdir}/man'
oldincludedir='/usr/include'
pdfdir='${docdir}'
prefix='/usr/local'
program_transform_name='s,x,x,'
psdir='${docdir}'
runstatedir='${localstatedir}/run'
sbindir='${exec_prefix}/sbin'
sharedstatedir='${prefix}/com'
sysconfdir='${prefix}/etc'
target_alias=''

## ----------- ##
## confdefs.h. ##
## ----------- ##

/* confdefs.h */
#define PACKAGE_NAME "miraculix"
#define PACKAGE_TARNAME "miraculix"
#define PACKAGE_VERSION "0.9"
#define PACKAGE_STRING "miraculix 0.9"
#define PACKAGE_BUGREPORT ""
#define PACKAGE_URL ""

configure: exit 0
