This file contains any messages produced by compilers while
running configure, to aid debugging if configure makes a mistake.

It was created by RandomFieldsUtils configure 0.6, which was
generated by GNU Autoconf 2.69.  Invocation command line was

  $ ./configure USE_GPU=yes

## --------- ##
## Platform. ##
## --------- ##

hostname = johannes-ms7c37
uname -m = x86_64
uname -r = 5.15.32-1-MANJARO
uname -s = Linux
uname -v = #1 SMP PREEMPT Mon Mar 28 09:16:36 UTC 2022

/usr/bin/uname -p = unknown
/bin/uname -X     = unknown

/bin/arch              = unknown
/usr/bin/arch -k       = unknown
/usr/convex/getsysinfo = unknown
/usr/bin/hostinfo      = unknown
/bin/machine           = unknown
/usr/bin/oslevel       = unknown
/bin/universe          = unknown

PATH: /home/johannes/bin
PATH: ~/bin
PATH: /opt/cuda/bin
PATH: /home/johannes/.local/bin
PATH: /usr/local/sbin
PATH: /usr/local/bin
PATH: /usr/bin
PATH: /opt/cuda/bin
PATH: /opt/cuda/nsight_compute
PATH: /opt/cuda/nsight_systems/bin
PATH: /usr/lib/jvm/default/bin
PATH: /usr/bin/site_perl
PATH: /usr/bin/vendor_perl
PATH: /usr/bin/core_perl
PATH: /var/lib/snapd/snap/bin


## ----------- ##
## Core tests. ##
## ----------- ##

configure:1862: checking for C++ compiler version
configure:1871: g++ -std=gnu++14 --version >&5
g++ (GCC) 11.2.0
Copyright (C) 2021 Free Software Foundation, Inc.
This is free software; see the source for copying conditions.  There is NO
warranty; not even for MERCHANTABILITY or FITNESS FOR A PARTICULAR PURPOSE.

configure:1882: $? = 0
configure:1871: g++ -std=gnu++14 -v >&5
Using built-in specs.
COLLECT_GCC=g++
COLLECT_LTO_WRAPPER=/usr/lib/gcc/x86_64-pc-linux-gnu/11.2.0/lto-wrapper
Target: x86_64-pc-linux-gnu
Configured with: /build/gcc/src/gcc/configure --enable-languages=c,c++,ada,fortran,go,lto,objc,obj-c++,d --enable-bootstrap --prefix=/usr --libdir=/usr/lib --libexecdir=/usr/lib --mandir=/usr/share/man --infodir=/usr/share/info --with-bugurl=https://bugs.archlinux.org/ --with-linker-hash-style=gnu --with-system-zlib --enable-__cxa_atexit --enable-cet=auto --enable-checking=release --enable-clocale=gnu --enable-default-pie --enable-default-ssp --enable-gnu-indirect-function --enable-gnu-unique-object --enable-linker-build-id --enable-lto --enable-multilib --enable-plugin --enable-shared --enable-threads=posix --disable-libssp --disable-libstdcxx-pch --disable-werror --with-build-config=bootstrap-lto --enable-link-serialization=1 gdc_include_dir=/usr/include/dlang/gdc
Thread model: posix
Supported LTO compression algorithms: zlib zstd
gcc version 11.2.0 (GCC) 
configure:1882: $? = 0
configure:1871: g++ -std=gnu++14 -V >&5
g++: error: unrecognized command-line option '-V'
g++: fatal error: no input files
compilation terminated.
configure:1882: $? = 1
configure:1871: g++ -std=gnu++14 -qversion >&5
g++: error: unrecognized command-line option '-qversion'; did you mean '--version'?
g++: fatal error: no input files
compilation terminated.
configure:1882: $? = 1
configure:1902: checking whether the C++ compiler works
configure:1924: g++ -std=gnu++14    conftest.cpp  >&5
configure:1928: $? = 0
configure:1976: result: yes
configure:1979: checking for C++ compiler default output file name
configure:1981: result: a.out
configure:1987: checking for suffix of executables
configure:1994: g++ -std=gnu++14 -o conftest    conftest.cpp  >&5
configure:1998: $? = 0
configure:2020: result: 
configure:2042: checking whether we are cross compiling
configure:2050: g++ -std=gnu++14 -o conftest    conftest.cpp  >&5
configure:2054: $? = 0
configure:2061: ./conftest
configure:2065: $? = 0
configure:2080: result: no
configure:2085: checking for suffix of object files
configure:2107: g++ -std=gnu++14 -c   conftest.cpp >&5
configure:2111: $? = 0
configure:2132: result: o
configure:2136: checking whether we are using the GNU C++ compiler
configure:2155: g++ -std=gnu++14 -c   conftest.cpp >&5
configure:2155: $? = 0
configure:2164: result: yes
configure:2173: checking whether g++ -std=gnu++14 accepts -g
configure:2193: g++ -std=gnu++14 -c -g  conftest.cpp >&5
configure:2193: $? = 0
configure:2234: result: yes
configure:2265: value of USE_AVX is ''
configure:2267: value of USE_GPU is 'yes'
configure:2400: values of USE_GPU are +yes++
configure:2404: checking whether CUDA_HOME is set
configure:2411: result: using CUDA_HOME=/opt/cuda/
configure:2415: checking for /opt/cuda//bin/nvcc
configure:2429: result: yes
configure:2436: checking whether this is the 64 bit linux version of CUDA
configure:2439: checking for /opt/cuda//lib64/libcublas.so
configure:2453: result: yes
configure:2630: creating ./config.status

## ---------------------- ##
## Running config.status. ##
## ---------------------- ##

This file was extended by RandomFieldsUtils config.status 0.6, which was
generated by GNU Autoconf 2.69.  Invocation command line was

  CONFIG_FILES    = 
  CONFIG_HEADERS  = 
  CONFIG_LINKS    = 
  CONFIG_COMMANDS = 
  $ ./config.status 

on johannes-ms7c37

config.status:729: creating src/Makevars

## ---------------- ##
## Cache variables. ##
## ---------------- ##

ac_cv_cxx_compiler_gnu=yes
ac_cv_env_CCC_set=
ac_cv_env_CCC_value=
ac_cv_env_CPPFLAGS_set=
ac_cv_env_CPPFLAGS_value=
ac_cv_env_CXXFLAGS_set=
ac_cv_env_CXXFLAGS_value=
ac_cv_env_CXX_set=
ac_cv_env_CXX_value=
ac_cv_env_LDFLAGS_set=
ac_cv_env_LDFLAGS_value=
ac_cv_env_LIBS_set=
ac_cv_env_LIBS_value=
ac_cv_env_build_alias_set=
ac_cv_env_build_alias_value=
ac_cv_env_host_alias_set=
ac_cv_env_host_alias_value=
ac_cv_env_target_alias_set=
ac_cv_env_target_alias_value=
ac_cv_file__opt_cuda__bin_nvcc=yes
ac_cv_file__opt_cuda__lib64_libcublas_so=yes
ac_cv_objext=o
ac_cv_prog_cxx_g=yes

## ----------------- ##
## Output variables. ##
## ----------------- ##

CPPFLAGS=''
CUDA_HOME='/opt/cuda/'
CUDA_INSTALLED='true'
CUDA_LINKS=' -L/opt/cuda//lib64 -lcudart -lcublas -lcusolver -lcusolverMg'
CXX='g++ -std=gnu++14'
CXXFLAGS='-g -O2'
DEFS='-DPACKAGE_NAME=\"RandomFieldsUtils\" -DPACKAGE_TARNAME=\"randomfieldsutils\" -DPACKAGE_VERSION=\"0.6\" -DPACKAGE_STRING=\"RandomFieldsUtils\ 0.6\" -DPACKAGE_BUGREPORT=\"\" -DPACKAGE_URL=\"\"'
ECHO_C=''
ECHO_N='-n'
ECHO_T=''
EXEEXT=''
LDFLAGS=''
LIBOBJS=''
LIBS=''
LSCPU=''
LTLIBOBJS=''
MY_OWN_CU_FILES='solve_gpu.o'
MY_OWN_CXXFLAGS=' -DUSEGPU '
MY_OWN_LIBFLAGS=''
OBJEXT='o'
PACKAGE_BUGREPORT=''
PACKAGE_NAME='RandomFieldsUtils'
PACKAGE_STRING='RandomFieldsUtils 0.6'
PACKAGE_TARNAME='randomfieldsutils'
PACKAGE_URL=''
PACKAGE_VERSION='0.6'
PATH_SEPARATOR=':'
R_LIB=''
SHELL='/bin/sh'
SYSCTL=''
ac_ct_CXX=''
bindir='${exec_prefix}/bin'
build_alias=''
datadir='${datarootdir}'
datarootdir='${prefix}/share'
docdir='${datarootdir}/doc/${PACKAGE_TARNAME}'
dvidir='${docdir}'
exec_prefix='${prefix}'
host_alias=''
htmldir='${docdir}'
includedir='${prefix}/include'
infodir='${datarootdir}/info'
libdir='${exec_prefix}/lib'
libexecdir='${exec_prefix}/libexec'
localedir='${datarootdir}/locale'
localstatedir='${prefix}/var'
mandir='${datarootdir}/man'
oldincludedir='/usr/include'
pdfdir='${docdir}'
prefix='/usr/local'
program_transform_name='s,x,x,'
psdir='${docdir}'
runstatedir='${localstatedir}/run'
sbindir='${exec_prefix}/sbin'
sharedstatedir='${prefix}/com'
sysconfdir='${prefix}/etc'
target_alias=''

## ----------- ##
## confdefs.h. ##
## ----------- ##

/* confdefs.h */
#define PACKAGE_NAME "RandomFieldsUtils"
#define PACKAGE_TARNAME "randomfieldsutils"
#define PACKAGE_VERSION "0.6"
#define PACKAGE_STRING "RandomFieldsUtils 0.6"
#define PACKAGE_BUGREPORT ""
#define PACKAGE_URL ""

configure: exit 0
